26-Nov-2019 14:19:53.519 信息 [main] org.apache.catalina.startup.VersionLoggerListener.log Server.æå¡å¨çæ¬:     Apache Tomcat/@VERSION@
26-Nov-2019 14:19:53.525 信息 [main] org.apache.catalina.startup.VersionLoggerListener.log æå¡å¨æå»º:            @VERSION_BUILT@
26-Nov-2019 14:19:53.525 信息 [main] org.apache.catalina.startup.VersionLoggerListener.log Server version number: @VERSION_NUMBER@
26-Nov-2019 14:19:53.525 信息 [main] org.apache.catalina.startup.VersionLoggerListener.log OS Name:               Windows 10
26-Nov-2019 14:19:53.525 信息 [main] org.apache.catalina.startup.VersionLoggerListener.log OS.çæ¬:               10.0
26-Nov-2019 14:19:53.525 信息 [main] org.apache.catalina.startup.VersionLoggerListener.log æ¶æ:                  amd64
26-Nov-2019 14:19:53.525 信息 [main] org.apache.catalina.startup.VersionLoggerListener.log Java ç¯å¢åé:         C:\Program Files\Java\jdk1.8.0_181\jre
26-Nov-2019 14:19:53.525 信息 [main] org.apache.catalina.startup.VersionLoggerListener.log JVM çæ¬:              1.8.0_181-b13
26-Nov-2019 14:19:53.525 信息 [main] org.apache.catalina.startup.VersionLoggerListener.log JVM.ä¾åºå:            Oracle Corporation
26-Nov-2019 14:19:53.525 信息 [main] org.apache.catalina.startup.VersionLoggerListener.log CATALINA_BASE:         C:\code\src\tomcat8\catalina_home
26-Nov-2019 14:19:53.525 信息 [main] org.apache.catalina.startup.VersionLoggerListener.log CATALINA_HOME:         C:\code\src\tomcat8\catalina_home
26-Nov-2019 14:19:53.526 信息 [main] org.apache.catalina.startup.VersionLoggerListener.log Command line argument: -agentlib:jdwp=transport=dt_socket,address=127.0.0.1:65090,suspend=y,server=n
26-Nov-2019 14:19:53.526 信息 [main] org.apache.catalina.startup.VersionLoggerListener.log Command line argument: -Dcatalina.home=C:/code/src/tomcat8/catalina_home
26-Nov-2019 14:19:53.526 信息 [main] org.apache.catalina.startup.VersionLoggerListener.log Command line argument: -Dcatalina.base=C:/code/src/tomcat8/catalina_home
26-Nov-2019 14:19:53.526 信息 [main] org.apache.catalina.startup.VersionLoggerListener.log Command line argument: -Djava.endorsed.dirs=C:/code/src/tomcat8/catalina_home/endorsed
26-Nov-2019 14:19:53.526 信息 [main] org.apache.catalina.startup.VersionLoggerListener.log Command line argument: -Djava.io.tmpdir=C:/code/src/tomcat8/catalina_home/temp
26-Nov-2019 14:19:53.526 信息 [main] org.apache.catalina.startup.VersionLoggerListener.log Command line argument: -Djava.util.logging.manager=org.apache.juli.ClassLoaderLogManager
26-Nov-2019 14:19:53.526 信息 [main] org.apache.catalina.startup.VersionLoggerListener.log Command line argument: -Djava.util.logging.config.file=C:/code/src/tomcat8/catalina_home/conf/logging.properties
26-Nov-2019 14:19:53.526 信息 [main] org.apache.catalina.startup.VersionLoggerListener.log Command line argument: -Dfile.encoding=UTF-8
26-Nov-2019 14:19:53.527 信息 [main] org.apache.catalina.startup.VersionLoggerListener.log Command line argument: -javaagent:C:\Users\wx\.IntelliJIdea2019.1\system\captureAgent\debugger-agent.jar
26-Nov-2019 14:19:53.527 信息 [main] org.apache.catalina.core.AprLifecycleListener.lifecycleEvent The APR based Apache Tomcat Native library which allows optimal performance in production environments was not found on the java.library.path: [C:\Program Files\Java\jdk1.8.0_181\bin;C:\WINDOWS\Sun\Java\bin;C:\WINDOWS\system32;C:\WINDOWS;C:\Python37_64\Scripts\;C:\Python37_64\;C:\Apps\mysql-5.7.23-winx64\bin;C:\Apps\google-cloud-sdk\bin;C:\Python27;C:\gradle-5.3\bin;C:\Apps\apache-maven-3.5.4\bin\;C:\java\jdk1.8.0_201\bin;C:\java\jdk1.8.0_201\jre\bin;C:\Program Files (x86)\Common Files\Oracle\Java\javapath;C:\WINDOWS\system32;C:\WINDOWS;C:\WINDOWS\System32\Wbem;C:\WINDOWS\System32\WindowsPowerShell\v1.0\;C:\WINDOWS\System32\OpenSSH\;C:\Apps\Git\cmd;"C:\Apps\mysql-5.7.23-winx64\bin;";C:\Apps\cmder;C:\Apps\apache-storm-1.1.3;C:\Program Files\Microsoft SQL Server\130\Tools\Binn\;C:\Python27\scripts;C:\Program Files (x86)\Intel\Intel(R) Management Engine Components\DAL;C:\Program Files\Intel\Intel(R) Management Engine Components\DAL;C:\Go\bin;C:\code\go\gopath\bin;C:\Program Files\TortoiseGit\bin;C:\Users\wx\.cargo\bin;C:\Users\wx\AppData\Local\Microsoft\WindowsApps;C:\Users\wx\AppData\Local\Google\Cloud SDK\google-cloud-sdk\bin;.]
26-Nov-2019 14:19:57.479 信息 [main] org.apache.coyote.AbstractProtocol.init åå§ååè®®å¤çå¨ ["http-nio-8080"]
26-Nov-2019 14:19:57.488 严重 [main] org.apache.catalina.core.StandardService.initInternal Failed to initialize connector [Connector[HTTP/1.1-8080]]
	org.apache.catalina.LifecycleException: Protocol handler initialization failed
		at org.apache.catalina.connector.Connector.initInternal(Connector.java:996)
		at org.apache.catalina.util.LifecycleBase.init(LifecycleBase.java:136)
		at org.apache.catalina.core.StandardService.initInternal(StandardService.java:552)
		at org.apache.catalina.util.LifecycleBase.init(LifecycleBase.java:136)
		at org.apache.catalina.core.StandardServer.initInternal(StandardServer.java:848)
		at org.apache.catalina.util.LifecycleBase.init(LifecycleBase.java:136)
		at org.apache.catalina.startup.Catalina.load(Catalina.java:643)
		at sun.reflect.NativeMethodAccessorImpl.invoke0(Native Method)
		at sun.reflect.NativeMethodAccessorImpl.invoke(NativeMethodAccessorImpl.java:62)
		at sun.reflect.DelegatingMethodAccessorImpl.invoke(DelegatingMethodAccessorImpl.java:43)
		at java.lang.reflect.Method.invoke(Method.java:498)
		at org.apache.catalina.startup.Bootstrap.load(Bootstrap.java:318)
		at org.apache.catalina.startup.Bootstrap.main(Bootstrap.java:501)
	Caused by: java.net.BindException: Address already in use: bind
		at sun.nio.ch.Net.bind0(Native Method)
		at sun.nio.ch.Net.bind(Net.java:433)
		at sun.nio.ch.Net.bind(Net.java:425)
		at sun.nio.ch.ServerSocketChannelImpl.bind(ServerSocketChannelImpl.java:223)
		at sun.nio.ch.ServerSocketAdaptor.bind(ServerSocketAdaptor.java:74)
		at org.apache.tomcat.util.net.NioEndpoint.bind(NioEndpoint.java:219)
		at org.apache.tomcat.util.net.AbstractEndpoint.init(AbstractEndpoint.java:1118)
		at org.apache.tomcat.util.net.AbstractJsseEndpoint.init(AbstractJsseEndpoint.java:224)
		at org.apache.coyote.AbstractProtocol.init(AbstractProtocol.java:581)
		at org.apache.coyote.http11.AbstractHttp11Protocol.init(AbstractHttp11Protocol.java:68)
		at org.apache.catalina.connector.Connector.initInternal(Connector.java:993)
		... 12 more
26-Nov-2019 14:19:57.618 信息 [main] org.apache.coyote.AbstractProtocol.init åå§ååè®®å¤çå¨ ["ajp-nio-8009"]
26-Nov-2019 14:19:57.937 信息 [main] org.apache.tomcat.util.net.NioSelectorPool.getSharedSelector Using a shared selector for servlet write/read
26-Nov-2019 14:19:57.957 信息 [main] org.apache.catalina.startup.Catalina.load Initialization processed in 14763 ms
26-Nov-2019 14:19:59.487 信息 [main] org.apache.catalina.core.StandardService.startInternal Starting service [Catalina]
26-Nov-2019 14:19:59.651 信息 [main] org.apache.catalina.core.StandardEngine.startInternal Starting Servlet Engine: Apache Tomcat/@VERSION@
26-Nov-2019 14:20:02.241 信息 [localhost-startStop-1] org.apache.catalina.startup.HostConfig.deployDirectory æweb åºç¨ç¨åºé¨ç½²å°ç®å½ [C:\code\src\tomcat8\catalina_home\webapps\docs]
26-Nov-2019 15:22:28.974 信息 [main] org.apache.catalina.startup.Bootstrap.main 启动
26-Nov-2019 15:22:35.234 信息 [main] org.apache.catalina.startup.VersionLoggerListener.log Server.æå¡å¨çæ¬:     Apache Tomcat/@VERSION@
26-Nov-2019 15:22:35.234 信息 [main] org.apache.catalina.startup.VersionLoggerListener.log æå¡å¨æå»º:            @VERSION_BUILT@
26-Nov-2019 15:22:35.234 信息 [main] org.apache.catalina.startup.VersionLoggerListener.log Server version number: @VERSION_NUMBER@
26-Nov-2019 15:22:35.234 信息 [main] org.apache.catalina.startup.VersionLoggerListener.log OS Name:               Windows 10
26-Nov-2019 15:22:35.234 信息 [main] org.apache.catalina.startup.VersionLoggerListener.log OS.çæ¬:               10.0
26-Nov-2019 15:22:35.234 信息 [main] org.apache.catalina.startup.VersionLoggerListener.log æ¶æ:                  amd64
26-Nov-2019 15:22:35.234 信息 [main] org.apache.catalina.startup.VersionLoggerListener.log Java ç¯å¢åé:         C:\Program Files\Java\jdk1.8.0_181\jre
26-Nov-2019 15:22:35.234 信息 [main] org.apache.catalina.startup.VersionLoggerListener.log JVM çæ¬:              1.8.0_181-b13
26-Nov-2019 15:22:35.235 信息 [main] org.apache.catalina.startup.VersionLoggerListener.log JVM.ä¾åºå:            Oracle Corporation
26-Nov-2019 15:22:35.235 信息 [main] org.apache.catalina.startup.VersionLoggerListener.log CATALINA_BASE:         C:\code\src\tomcat8\catalina_home
26-Nov-2019 15:22:35.235 信息 [main] org.apache.catalina.startup.VersionLoggerListener.log CATALINA_HOME:         C:\code\src\tomcat8\catalina_home
26-Nov-2019 15:22:35.235 信息 [main] org.apache.catalina.startup.VersionLoggerListener.log Command line argument: -agentlib:jdwp=transport=dt_socket,address=127.0.0.1:61640,suspend=y,server=n
26-Nov-2019 15:22:35.235 信息 [main] org.apache.catalina.startup.VersionLoggerListener.log Command line argument: -Dcatalina.home=C:/code/src/tomcat8/catalina_home
26-Nov-2019 15:22:35.235 信息 [main] org.apache.catalina.startup.VersionLoggerListener.log Command line argument: -Dcatalina.base=C:/code/src/tomcat8/catalina_home
26-Nov-2019 15:22:35.235 信息 [main] org.apache.catalina.startup.VersionLoggerListener.log Command line argument: -Djava.endorsed.dirs=C:/code/src/tomcat8/catalina_home/endorsed
26-Nov-2019 15:22:35.235 信息 [main] org.apache.catalina.startup.VersionLoggerListener.log Command line argument: -Djava.io.tmpdir=C:/code/src/tomcat8/catalina_home/temp
26-Nov-2019 15:22:35.235 信息 [main] org.apache.catalina.startup.VersionLoggerListener.log Command line argument: -Djava.util.logging.manager=org.apache.juli.ClassLoaderLogManager
26-Nov-2019 15:22:35.236 信息 [main] org.apache.catalina.startup.VersionLoggerListener.log Command line argument: -Djava.util.logging.config.file=C:/code/src/tomcat8/catalina_home/conf/logging.properties
26-Nov-2019 15:22:35.236 信息 [main] org.apache.catalina.startup.VersionLoggerListener.log Command line argument: -Dfile.encoding=UTF-8
26-Nov-2019 15:22:35.236 信息 [main] org.apache.catalina.startup.VersionLoggerListener.log Command line argument: -javaagent:C:\Users\wx\.IntelliJIdea2019.1\system\captureAgent\debugger-agent.jar
26-Nov-2019 15:22:35.236 信息 [main] org.apache.catalina.core.AprLifecycleListener.lifecycleEvent The APR based Apache Tomcat Native library which allows optimal performance in production environments was not found on the java.library.path: [C:\Program Files\Java\jdk1.8.0_181\bin;C:\WINDOWS\Sun\Java\bin;C:\WINDOWS\system32;C:\WINDOWS;C:\Python37_64\Scripts\;C:\Python37_64\;C:\Apps\mysql-5.7.23-winx64\bin;C:\Apps\google-cloud-sdk\bin;C:\Python27;C:\gradle-5.3\bin;C:\Apps\apache-maven-3.5.4\bin\;C:\java\jdk1.8.0_201\bin;C:\java\jdk1.8.0_201\jre\bin;C:\Program Files (x86)\Common Files\Oracle\Java\javapath;C:\WINDOWS\system32;C:\WINDOWS;C:\WINDOWS\System32\Wbem;C:\WINDOWS\System32\WindowsPowerShell\v1.0\;C:\WINDOWS\System32\OpenSSH\;C:\Apps\Git\cmd;"C:\Apps\mysql-5.7.23-winx64\bin;";C:\Apps\cmder;C:\Apps\apache-storm-1.1.3;C:\Program Files\Microsoft SQL Server\130\Tools\Binn\;C:\Python27\scripts;C:\Program Files (x86)\Intel\Intel(R) Management Engine Components\DAL;C:\Program Files\Intel\Intel(R) Management Engine Components\DAL;C:\Go\bin;C:\code\go\gopath\bin;C:\Program Files\TortoiseGit\bin;C:\Users\wx\.cargo\bin;C:\Users\wx\AppData\Local\Microsoft\WindowsApps;C:\Users\wx\AppData\Local\Google\Cloud SDK\google-cloud-sdk\bin;.]
26-Nov-2019 15:22:36.646 信息 [main] org.apache.coyote.AbstractProtocol.init åå§ååè®®å¤çå¨ ["http-nio-8080"]
26-Nov-2019 15:22:36.690 严重 [main] org.apache.catalina.core.StandardService.initInternal Failed to initialize connector [Connector[HTTP/1.1-8080]]
	org.apache.catalina.LifecycleException: Protocol handler initialization failed
		at org.apache.catalina.connector.Connector.initInternal(Connector.java:996)
		at org.apache.catalina.util.LifecycleBase.init(LifecycleBase.java:136)
		at org.apache.catalina.core.StandardService.initInternal(StandardService.java:552)
		at org.apache.catalina.util.LifecycleBase.init(LifecycleBase.java:136)
		at org.apache.catalina.core.StandardServer.initInternal(StandardServer.java:848)
		at org.apache.catalina.util.LifecycleBase.init(LifecycleBase.java:136)
		at org.apache.catalina.startup.Catalina.load(Catalina.java:643)
		at sun.reflect.NativeMethodAccessorImpl.invoke0(Native Method)
		at sun.reflect.NativeMethodAccessorImpl.invoke(NativeMethodAccessorImpl.java:62)
		at sun.reflect.DelegatingMethodAccessorImpl.invoke(DelegatingMethodAccessorImpl.java:43)
		at java.lang.reflect.Method.invoke(Method.java:498)
		at org.apache.catalina.startup.Bootstrap.load(Bootstrap.java:318)
		at org.apache.catalina.startup.Bootstrap.main(Bootstrap.java:501)
	Caused by: java.net.BindException: Address already in use: bind
		at sun.nio.ch.Net.bind0(Native Method)
		at sun.nio.ch.Net.bind(Net.java:433)
		at sun.nio.ch.Net.bind(Net.java:425)
		at sun.nio.ch.ServerSocketChannelImpl.bind(ServerSocketChannelImpl.java:223)
		at sun.nio.ch.ServerSocketAdaptor.bind(ServerSocketAdaptor.java:74)
		at org.apache.tomcat.util.net.NioEndpoint.bind(NioEndpoint.java:219)
		at org.apache.tomcat.util.net.AbstractEndpoint.init(AbstractEndpoint.java:1118)
		at org.apache.tomcat.util.net.AbstractJsseEndpoint.init(AbstractJsseEndpoint.java:224)
		at org.apache.coyote.AbstractProtocol.init(AbstractProtocol.java:581)
		at org.apache.coyote.http11.AbstractHttp11Protocol.init(AbstractHttp11Protocol.java:68)
		at org.apache.catalina.connector.Connector.initInternal(Connector.java:993)
		... 12 more
26-Nov-2019 15:22:36.692 信息 [main] org.apache.coyote.AbstractProtocol.init åå§ååè®®å¤çå¨ ["ajp-nio-8009"]
26-Nov-2019 15:22:37.016 信息 [main] org.apache.tomcat.util.net.NioSelectorPool.getSharedSelector Using a shared selector for servlet write/read
26-Nov-2019 15:22:37.068 信息 [main] org.apache.catalina.startup.Catalina.load Initialization processed in 7831 ms
26-Nov-2019 15:22:37.361 信息 [main] org.apache.catalina.core.StandardService.startInternal Starting service [Catalina]
26-Nov-2019 15:22:37.361 信息 [main] org.apache.catalina.core.StandardEngine.startInternal Starting Servlet Engine: Apache Tomcat/@VERSION@
26-Nov-2019 15:22:37.436 信息 [localhost-startStop-1] org.apache.catalina.startup.HostConfig.deployDirectory æweb åºç¨ç¨åºé¨ç½²å°ç®å½ [C:\code\src\tomcat8\catalina_home\webapps\docs]
26-Nov-2019 15:22:39.209 信息 [localhost-startStop-1] org.apache.jasper.servlet.TldScanner.scanJars è³å°æä¸ä¸ªJARè¢«æ«æç¨äºTLDä½å°æªåå«TLDã ä¸ºæ­¤è®°å½å¨å¯ç¨è°è¯æ¥å¿è®°å½ï¼ä»¥è·åå·²æ«æä½æªå¨å¶ä¸­æ¾å°TLDçå®æ´JARåè¡¨ã å¨æ«ææé´è·³è¿ä¸éè¦çJARå¯ä»¥ç¼©ç­å¯å¨æ¶é´åJSPç¼è¯æ¶é´ã
26-Nov-2019 15:22:39.457 信息 [localhost-startStop-1] org.apache.catalina.startup.HostConfig.deployDirectory Deployment of web application directory [C:\code\src\tomcat8\catalina_home\webapps\docs] has finished in [2,019] ms
26-Nov-2019 15:22:39.458 信息 [localhost-startStop-1] org.apache.catalina.startup.HostConfig.deployDirectory æweb åºç¨ç¨åºé¨ç½²å°ç®å½ [C:\code\src\tomcat8\catalina_home\webapps\examples]
26-Nov-2019 15:22:39.996 信息 [localhost-startStop-1] org.apache.jasper.servlet.TldScanner.scanJars è³å°æä¸ä¸ªJARè¢«æ«æç¨äºTLDä½å°æªåå«TLDã ä¸ºæ­¤è®°å½å¨å¯ç¨è°è¯æ¥å¿è®°å½ï¼ä»¥è·åå·²æ«æä½æªå¨å¶ä¸­æ¾å°TLDçå®æ´JARåè¡¨ã å¨æ«ææé´è·³è¿ä¸éè¦çJARå¯ä»¥ç¼©ç­å¯å¨æ¶é´åJSPç¼è¯æ¶é´ã
26-Nov-2019 15:22:40.036 严重 [localhost-startStop-1] org.apache.catalina.core.StandardContext.startInternal One or more listeners failed to start. Full details will be found in the appropriate container log file
26-Nov-2019 15:22:40.036 严重 [localhost-startStop-1] org.apache.catalina.core.StandardContext.startInternal Context [/examples] startup failed due to previous errors
26-Nov-2019 15:22:40.056 信息 [localhost-startStop-1] org.apache.catalina.startup.HostConfig.deployDirectory Deployment of web application directory [C:\code\src\tomcat8\catalina_home\webapps\examples] has finished in [599] ms
26-Nov-2019 15:22:40.056 信息 [localhost-startStop-1] org.apache.catalina.startup.HostConfig.deployDirectory æweb åºç¨ç¨åºé¨ç½²å°ç®å½ [C:\code\src\tomcat8\catalina_home\webapps\host-manager]
26-Nov-2019 15:22:40.258 信息 [localhost-startStop-1] org.apache.jasper.servlet.TldScanner.scanJars è³å°æä¸ä¸ªJARè¢«æ«æç¨äºTLDä½å°æªåå«TLDã ä¸ºæ­¤è®°å½å¨å¯ç¨è°è¯æ¥å¿è®°å½ï¼ä»¥è·åå·²æ«æä½æªå¨å¶ä¸­æ¾å°TLDçå®æ´JARåè¡¨ã å¨æ«ææé´è·³è¿ä¸éè¦çJARå¯ä»¥ç¼©ç­å¯å¨æ¶é´åJSPç¼è¯æ¶é´ã
26-Nov-2019 15:22:40.337 信息 [localhost-startStop-1] org.apache.catalina.startup.HostConfig.deployDirectory Deployment of web application directory [C:\code\src\tomcat8\catalina_home\webapps\host-manager] has finished in [281] ms
26-Nov-2019 15:22:40.337 信息 [localhost-startStop-1] org.apache.catalina.startup.HostConfig.deployDirectory æweb åºç¨ç¨åºé¨ç½²å°ç®å½ [C:\code\src\tomcat8\catalina_home\webapps\manager]
26-Nov-2019 15:22:40.485 信息 [localhost-startStop-1] org.apache.jasper.servlet.TldScanner.scanJars è³å°æä¸ä¸ªJARè¢«æ«æç¨äºTLDä½å°æªåå«TLDã ä¸ºæ­¤è®°å½å¨å¯ç¨è°è¯æ¥å¿è®°å½ï¼ä»¥è·åå·²æ«æä½æªå¨å¶ä¸­æ¾å°TLDçå®æ´JARåè¡¨ã å¨æ«ææé´è·³è¿ä¸éè¦çJARå¯ä»¥ç¼©ç­å¯å¨æ¶é´åJSPç¼è¯æ¶é´ã
26-Nov-2019 15:22:40.489 信息 [localhost-startStop-1] org.apache.catalina.startup.HostConfig.deployDirectory Deployment of web application directory [C:\code\src\tomcat8\catalina_home\webapps\manager] has finished in [152] ms
26-Nov-2019 15:22:40.489 信息 [localhost-startStop-1] org.apache.catalina.startup.HostConfig.deployDirectory æweb åºç¨ç¨åºé¨ç½²å°ç®å½ [C:\code\src\tomcat8\catalina_home\webapps\ROOT]
26-Nov-2019 15:22:40.611 信息 [localhost-startStop-1] org.apache.jasper.servlet.TldScanner.scanJars è³å°æä¸ä¸ªJARè¢«æ«æç¨äºTLDä½å°æªåå«TLDã ä¸ºæ­¤è®°å½å¨å¯ç¨è°è¯æ¥å¿è®°å½ï¼ä»¥è·åå·²æ«æä½æªå¨å¶ä¸­æ¾å°TLDçå®æ´JARåè¡¨ã å¨æ«ææé´è·³è¿ä¸éè¦çJARå¯ä»¥ç¼©ç­å¯å¨æ¶é´åJSPç¼è¯æ¶é´ã
26-Nov-2019 15:22:40.613 信息 [localhost-startStop-1] org.apache.catalina.startup.HostConfig.deployDirectory Deployment of web application directory [C:\code\src\tomcat8\catalina_home\webapps\ROOT] has finished in [124] ms
26-Nov-2019 15:22:40.637 信息 [main] org.apache.coyote.AbstractProtocol.start å¼å§åè®®å¤çå¥æ["ajp-nio-8009"]
26-Nov-2019 15:22:40.724 信息 [main] org.apache.catalina.startup.Catalina.start Server startup in 3656 ms
26-Nov-2019 15:22:56.544 信息 [Thread-4] org.apache.coyote.AbstractProtocol.pause Pausing ProtocolHandler ["http-nio-8080"]
26-Nov-2019 15:22:56.544 信息 [Thread-4] org.apache.coyote.AbstractProtocol.pause Pausing ProtocolHandler ["ajp-nio-8009"]
26-Nov-2019 15:22:56.783 信息 [Thread-4] org.apache.catalina.core.StandardService.stopInternal Stopping service [Catalina]
26-Nov-2019 15:22:56.821 信息 [Thread-4] org.apache.coyote.AbstractProtocol.stop Stopping ProtocolHandler ["ajp-nio-8009"]
26-Nov-2019 15:22:56.825 信息 [Thread-4] org.apache.coyote.AbstractProtocol.stop Stopping ProtocolHandler ["http-nio-8080"]
26-Nov-2019 15:22:56.825 信息 [Thread-4] org.apache.coyote.AbstractProtocol.destroy æ­£å¨æ§æ¯åè®®å¤çå¨ ["http-nio-8080"]
26-Nov-2019 15:22:56.825 信息 [Thread-4] org.apache.coyote.AbstractProtocol.destroy æ­£å¨æ§æ¯åè®®å¤çå¨ ["ajp-nio-8009"]
26-Nov-2019 15:22:58.807 信息 [main] org.apache.catalina.startup.Bootstrap.main 启动
26-Nov-2019 15:22:59.496 信息 [main] org.apache.catalina.startup.VersionLoggerListener.log Server.æå¡å¨çæ¬:     Apache Tomcat/@VERSION@
26-Nov-2019 15:22:59.496 信息 [main] org.apache.catalina.startup.VersionLoggerListener.log æå¡å¨æå»º:            @VERSION_BUILT@
26-Nov-2019 15:22:59.497 信息 [main] org.apache.catalina.startup.VersionLoggerListener.log Server version number: @VERSION_NUMBER@
26-Nov-2019 15:22:59.497 信息 [main] org.apache.catalina.startup.VersionLoggerListener.log OS Name:               Windows 10
26-Nov-2019 15:22:59.497 信息 [main] org.apache.catalina.startup.VersionLoggerListener.log OS.çæ¬:               10.0
26-Nov-2019 15:22:59.497 信息 [main] org.apache.catalina.startup.VersionLoggerListener.log æ¶æ:                  amd64
26-Nov-2019 15:22:59.497 信息 [main] org.apache.catalina.startup.VersionLoggerListener.log Java ç¯å¢åé:         C:\Program Files\Java\jdk1.8.0_181\jre
26-Nov-2019 15:22:59.497 信息 [main] org.apache.catalina.startup.VersionLoggerListener.log JVM çæ¬:              1.8.0_181-b13
26-Nov-2019 15:22:59.497 信息 [main] org.apache.catalina.startup.VersionLoggerListener.log JVM.ä¾åºå:            Oracle Corporation
26-Nov-2019 15:22:59.497 信息 [main] org.apache.catalina.startup.VersionLoggerListener.log CATALINA_BASE:         C:\code\src\tomcat8\catalina_home
26-Nov-2019 15:22:59.498 信息 [main] org.apache.catalina.startup.VersionLoggerListener.log CATALINA_HOME:         C:\code\src\tomcat8\catalina_home
26-Nov-2019 15:22:59.498 信息 [main] org.apache.catalina.startup.VersionLoggerListener.log Command line argument: -agentlib:jdwp=transport=dt_socket,address=127.0.0.1:61658,suspend=y,server=n
26-Nov-2019 15:22:59.498 信息 [main] org.apache.catalina.startup.VersionLoggerListener.log Command line argument: -Dcatalina.home=C:/code/src/tomcat8/catalina_home
26-Nov-2019 15:22:59.498 信息 [main] org.apache.catalina.startup.VersionLoggerListener.log Command line argument: -Dcatalina.base=C:/code/src/tomcat8/catalina_home
26-Nov-2019 15:22:59.498 信息 [main] org.apache.catalina.startup.VersionLoggerListener.log Command line argument: -Djava.endorsed.dirs=C:/code/src/tomcat8/catalina_home/endorsed
26-Nov-2019 15:22:59.498 信息 [main] org.apache.catalina.startup.VersionLoggerListener.log Command line argument: -Djava.io.tmpdir=C:/code/src/tomcat8/catalina_home/temp
26-Nov-2019 15:22:59.498 信息 [main] org.apache.catalina.startup.VersionLoggerListener.log Command line argument: -Djava.util.logging.manager=org.apache.juli.ClassLoaderLogManager
26-Nov-2019 15:22:59.499 信息 [main] org.apache.catalina.startup.VersionLoggerListener.log Command line argument: -Djava.util.logging.config.file=C:/code/src/tomcat8/catalina_home/conf/logging.properties
26-Nov-2019 15:22:59.499 信息 [main] org.apache.catalina.startup.VersionLoggerListener.log Command line argument: -Dfile.encoding=UTF-8
26-Nov-2019 15:22:59.499 信息 [main] org.apache.catalina.startup.VersionLoggerListener.log Command line argument: -javaagent:C:\Users\wx\.IntelliJIdea2019.1\system\captureAgent\debugger-agent.jar
26-Nov-2019 15:22:59.499 信息 [main] org.apache.catalina.core.AprLifecycleListener.lifecycleEvent The APR based Apache Tomcat Native library which allows optimal performance in production environments was not found on the java.library.path: [C:\Program Files\Java\jdk1.8.0_181\bin;C:\WINDOWS\Sun\Java\bin;C:\WINDOWS\system32;C:\WINDOWS;C:\Python37_64\Scripts\;C:\Python37_64\;C:\Apps\mysql-5.7.23-winx64\bin;C:\Apps\google-cloud-sdk\bin;C:\Python27;C:\gradle-5.3\bin;C:\Apps\apache-maven-3.5.4\bin\;C:\java\jdk1.8.0_201\bin;C:\java\jdk1.8.0_201\jre\bin;C:\Program Files (x86)\Common Files\Oracle\Java\javapath;C:\WINDOWS\system32;C:\WINDOWS;C:\WINDOWS\System32\Wbem;C:\WINDOWS\System32\WindowsPowerShell\v1.0\;C:\WINDOWS\System32\OpenSSH\;C:\Apps\Git\cmd;"C:\Apps\mysql-5.7.23-winx64\bin;";C:\Apps\cmder;C:\Apps\apache-storm-1.1.3;C:\Program Files\Microsoft SQL Server\130\Tools\Binn\;C:\Python27\scripts;C:\Program Files (x86)\Intel\Intel(R) Management Engine Components\DAL;C:\Program Files\Intel\Intel(R) Management Engine Components\DAL;C:\Go\bin;C:\code\go\gopath\bin;C:\Program Files\TortoiseGit\bin;C:\Users\wx\.cargo\bin;C:\Users\wx\AppData\Local\Microsoft\WindowsApps;C:\Users\wx\AppData\Local\Google\Cloud SDK\google-cloud-sdk\bin;.]
26-Nov-2019 15:22:59.636 信息 [main] org.apache.coyote.AbstractProtocol.init åå§ååè®®å¤çå¨ ["http-nio-8080"]
26-Nov-2019 15:23:00.056 信息 [main] org.apache.tomcat.util.net.NioSelectorPool.getSharedSelector Using a shared selector for servlet write/read
26-Nov-2019 15:23:00.070 信息 [main] org.apache.coyote.AbstractProtocol.init åå§ååè®®å¤çå¨ ["ajp-nio-8009"]
26-Nov-2019 15:23:00.074 信息 [main] org.apache.tomcat.util.net.NioSelectorPool.getSharedSelector Using a shared selector for servlet write/read
26-Nov-2019 15:23:00.074 信息 [main] org.apache.catalina.startup.Catalina.load Initialization processed in 1184 ms
26-Nov-2019 15:23:00.124 信息 [main] org.apache.catalina.core.StandardService.startInternal Starting service [Catalina]
26-Nov-2019 15:23:00.124 信息 [main] org.apache.catalina.core.StandardEngine.startInternal Starting Servlet Engine: Apache Tomcat/@VERSION@
26-Nov-2019 15:23:00.174 信息 [localhost-startStop-1] org.apache.catalina.startup.HostConfig.deployDirectory æweb åºç¨ç¨åºé¨ç½²å°ç®å½ [C:\code\src\tomcat8\catalina_home\webapps\docs]
26-Nov-2019 15:23:00.720 信息 [localhost-startStop-1] org.apache.jasper.servlet.TldScanner.scanJars è³å°æä¸ä¸ªJARè¢«æ«æç¨äºTLDä½å°æªåå«TLDã ä¸ºæ­¤è®°å½å¨å¯ç¨è°è¯æ¥å¿è®°å½ï¼ä»¥è·åå·²æ«æä½æªå¨å¶ä¸­æ¾å°TLDçå®æ´JARåè¡¨ã å¨æ«ææé´è·³è¿ä¸éè¦çJARå¯ä»¥ç¼©ç­å¯å¨æ¶é´åJSPç¼è¯æ¶é´ã
26-Nov-2019 15:23:00.757 信息 [localhost-startStop-1] org.apache.catalina.startup.HostConfig.deployDirectory Deployment of web application directory [C:\code\src\tomcat8\catalina_home\webapps\docs] has finished in [580] ms
26-Nov-2019 15:23:00.757 信息 [localhost-startStop-1] org.apache.catalina.startup.HostConfig.deployDirectory æweb åºç¨ç¨åºé¨ç½²å°ç®å½ [C:\code\src\tomcat8\catalina_home\webapps\examples]
26-Nov-2019 15:23:01.033 信息 [localhost-startStop-1] org.apache.jasper.servlet.TldScanner.scanJars è³å°æä¸ä¸ªJARè¢«æ«æç¨äºTLDä½å°æªåå«TLDã ä¸ºæ­¤è®°å½å¨å¯ç¨è°è¯æ¥å¿è®°å½ï¼ä»¥è·åå·²æ«æä½æªå¨å¶ä¸­æ¾å°TLDçå®æ´JARåè¡¨ã å¨æ«ææé´è·³è¿ä¸éè¦çJARå¯ä»¥ç¼©ç­å¯å¨æ¶é´åJSPç¼è¯æ¶é´ã
26-Nov-2019 15:23:01.071 严重 [localhost-startStop-1] org.apache.catalina.core.StandardContext.startInternal One or more listeners failed to start. Full details will be found in the appropriate container log file
26-Nov-2019 15:23:01.071 严重 [localhost-startStop-1] org.apache.catalina.core.StandardContext.startInternal Context [/examples] startup failed due to previous errors
26-Nov-2019 15:23:01.084 信息 [localhost-startStop-1] org.apache.catalina.startup.HostConfig.deployDirectory Deployment of web application directory [C:\code\src\tomcat8\catalina_home\webapps\examples] has finished in [327] ms
26-Nov-2019 15:23:01.084 信息 [localhost-startStop-1] org.apache.catalina.startup.HostConfig.deployDirectory æweb åºç¨ç¨åºé¨ç½²å°ç®å½ [C:\code\src\tomcat8\catalina_home\webapps\host-manager]
26-Nov-2019 15:23:01.270 信息 [localhost-startStop-1] org.apache.jasper.servlet.TldScanner.scanJars è³å°æä¸ä¸ªJARè¢«æ«æç¨äºTLDä½å°æªåå«TLDã ä¸ºæ­¤è®°å½å¨å¯ç¨è°è¯æ¥å¿è®°å½ï¼ä»¥è·åå·²æ«æä½æªå¨å¶ä¸­æ¾å°TLDçå®æ´JARåè¡¨ã å¨æ«ææé´è·³è¿ä¸éè¦çJARå¯ä»¥ç¼©ç­å¯å¨æ¶é´åJSPç¼è¯æ¶é´ã
26-Nov-2019 15:23:01.289 信息 [localhost-startStop-1] org.apache.catalina.startup.HostConfig.deployDirectory Deployment of web application directory [C:\code\src\tomcat8\catalina_home\webapps\host-manager] has finished in [205] ms
26-Nov-2019 15:23:01.290 信息 [localhost-startStop-1] org.apache.catalina.startup.HostConfig.deployDirectory æweb åºç¨ç¨åºé¨ç½²å°ç®å½ [C:\code\src\tomcat8\catalina_home\webapps\manager]
26-Nov-2019 15:24:08.505 信息 [main] org.apache.catalina.startup.Bootstrap.main 启动
26-Nov-2019 15:24:08.511 信息 [main] org.apache.catalina.startup.Bootstrap.initClassLoaders 初始化三个loader commonLoader catalinaLoader and sharedLoader
26-Nov-2019 15:24:09.119 信息 [main] org.apache.catalina.startup.VersionLoggerListener.log Server.æå¡å¨çæ¬:     Apache Tomcat/@VERSION@
26-Nov-2019 15:24:09.119 信息 [main] org.apache.catalina.startup.VersionLoggerListener.log æå¡å¨æå»º:            @VERSION_BUILT@
26-Nov-2019 15:24:09.119 信息 [main] org.apache.catalina.startup.VersionLoggerListener.log Server version number: @VERSION_NUMBER@
26-Nov-2019 15:24:09.119 信息 [main] org.apache.catalina.startup.VersionLoggerListener.log OS Name:               Windows 10
26-Nov-2019 15:24:09.119 信息 [main] org.apache.catalina.startup.VersionLoggerListener.log OS.çæ¬:               10.0
26-Nov-2019 15:24:09.119 信息 [main] org.apache.catalina.startup.VersionLoggerListener.log æ¶æ:                  amd64
26-Nov-2019 15:24:09.119 信息 [main] org.apache.catalina.startup.VersionLoggerListener.log Java ç¯å¢åé:         C:\Program Files\Java\jdk1.8.0_181\jre
26-Nov-2019 15:24:09.119 信息 [main] org.apache.catalina.startup.VersionLoggerListener.log JVM çæ¬:              1.8.0_181-b13
26-Nov-2019 15:24:09.120 信息 [main] org.apache.catalina.startup.VersionLoggerListener.log JVM.ä¾åºå:            Oracle Corporation
26-Nov-2019 15:24:09.120 信息 [main] org.apache.catalina.startup.VersionLoggerListener.log CATALINA_BASE:         C:\code\src\tomcat8\catalina_home
26-Nov-2019 15:24:09.120 信息 [main] org.apache.catalina.startup.VersionLoggerListener.log CATALINA_HOME:         C:\code\src\tomcat8\catalina_home
26-Nov-2019 15:24:09.120 信息 [main] org.apache.catalina.startup.VersionLoggerListener.log Command line argument: -agentlib:jdwp=transport=dt_socket,address=127.0.0.1:61691,suspend=y,server=n
26-Nov-2019 15:24:09.120 信息 [main] org.apache.catalina.startup.VersionLoggerListener.log Command line argument: -Dcatalina.home=C:/code/src/tomcat8/catalina_home
26-Nov-2019 15:24:09.120 信息 [main] org.apache.catalina.startup.VersionLoggerListener.log Command line argument: -Dcatalina.base=C:/code/src/tomcat8/catalina_home
26-Nov-2019 15:24:09.120 信息 [main] org.apache.catalina.startup.VersionLoggerListener.log Command line argument: -Djava.endorsed.dirs=C:/code/src/tomcat8/catalina_home/endorsed
26-Nov-2019 15:24:09.120 信息 [main] org.apache.catalina.startup.VersionLoggerListener.log Command line argument: -Djava.io.tmpdir=C:/code/src/tomcat8/catalina_home/temp
26-Nov-2019 15:24:09.120 信息 [main] org.apache.catalina.startup.VersionLoggerListener.log Command line argument: -Djava.util.logging.manager=org.apache.juli.ClassLoaderLogManager
26-Nov-2019 15:24:09.120 信息 [main] org.apache.catalina.startup.VersionLoggerListener.log Command line argument: -Djava.util.logging.config.file=C:/code/src/tomcat8/catalina_home/conf/logging.properties
26-Nov-2019 15:24:09.120 信息 [main] org.apache.catalina.startup.VersionLoggerListener.log Command line argument: -Dfile.encoding=UTF-8
26-Nov-2019 15:24:09.121 信息 [main] org.apache.catalina.startup.VersionLoggerListener.log Command line argument: -javaagent:C:\Users\wx\.IntelliJIdea2019.1\system\captureAgent\debugger-agent.jar
26-Nov-2019 15:24:09.121 信息 [main] org.apache.catalina.core.AprLifecycleListener.lifecycleEvent The APR based Apache Tomcat Native library which allows optimal performance in production environments was not found on the java.library.path: [C:\Program Files\Java\jdk1.8.0_181\bin;C:\WINDOWS\Sun\Java\bin;C:\WINDOWS\system32;C:\WINDOWS;C:\Python37_64\Scripts\;C:\Python37_64\;C:\Apps\mysql-5.7.23-winx64\bin;C:\Apps\google-cloud-sdk\bin;C:\Python27;C:\gradle-5.3\bin;C:\Apps\apache-maven-3.5.4\bin\;C:\java\jdk1.8.0_201\bin;C:\java\jdk1.8.0_201\jre\bin;C:\Program Files (x86)\Common Files\Oracle\Java\javapath;C:\WINDOWS\system32;C:\WINDOWS;C:\WINDOWS\System32\Wbem;C:\WINDOWS\System32\WindowsPowerShell\v1.0\;C:\WINDOWS\System32\OpenSSH\;C:\Apps\Git\cmd;"C:\Apps\mysql-5.7.23-winx64\bin;";C:\Apps\cmder;C:\Apps\apache-storm-1.1.3;C:\Program Files\Microsoft SQL Server\130\Tools\Binn\;C:\Python27\scripts;C:\Program Files (x86)\Intel\Intel(R) Management Engine Components\DAL;C:\Program Files\Intel\Intel(R) Management Engine Components\DAL;C:\Go\bin;C:\code\go\gopath\bin;C:\Program Files\TortoiseGit\bin;C:\Users\wx\.cargo\bin;C:\Users\wx\AppData\Local\Microsoft\WindowsApps;C:\Users\wx\AppData\Local\Google\Cloud SDK\google-cloud-sdk\bin;.]
26-Nov-2019 15:24:09.296 信息 [main] org.apache.coyote.AbstractProtocol.init åå§ååè®®å¤çå¨ ["http-nio-8080"]
26-Nov-2019 15:24:09.716 信息 [main] org.apache.tomcat.util.net.NioSelectorPool.getSharedSelector Using a shared selector for servlet write/read
26-Nov-2019 15:24:09.736 信息 [main] org.apache.coyote.AbstractProtocol.init åå§ååè®®å¤çå¨ ["ajp-nio-8009"]
26-Nov-2019 15:24:09.744 信息 [main] org.apache.tomcat.util.net.NioSelectorPool.getSharedSelector Using a shared selector for servlet write/read
26-Nov-2019 15:24:09.744 信息 [main] org.apache.catalina.startup.Catalina.load Initialization processed in 1197 ms
26-Nov-2019 15:24:09.795 信息 [main] org.apache.catalina.core.StandardService.startInternal Starting service [Catalina]
26-Nov-2019 15:24:09.795 信息 [main] org.apache.catalina.core.StandardEngine.startInternal Starting Servlet Engine: Apache Tomcat/@VERSION@
26-Nov-2019 15:24:09.831 信息 [localhost-startStop-1] org.apache.catalina.startup.HostConfig.deployDirectory æweb åºç¨ç¨åºé¨ç½²å°ç®å½ [C:\code\src\tomcat8\catalina_home\webapps\docs]
26-Nov-2019 15:24:10.416 信息 [localhost-startStop-1] org.apache.jasper.servlet.TldScanner.scanJars è³å°æä¸ä¸ªJARè¢«æ«æç¨äºTLDä½å°æªåå«TLDã ä¸ºæ­¤è®°å½å¨å¯ç¨è°è¯æ¥å¿è®°å½ï¼ä»¥è·åå·²æ«æä½æªå¨å¶ä¸­æ¾å°TLDçå®æ´JARåè¡¨ã å¨æ«ææé´è·³è¿ä¸éè¦çJARå¯ä»¥ç¼©ç­å¯å¨æ¶é´åJSPç¼è¯æ¶é´ã
26-Nov-2019 15:24:10.459 信息 [localhost-startStop-1] org.apache.catalina.startup.HostConfig.deployDirectory Deployment of web application directory [C:\code\src\tomcat8\catalina_home\webapps\docs] has finished in [625] ms
26-Nov-2019 15:24:10.459 信息 [localhost-startStop-1] org.apache.catalina.startup.HostConfig.deployDirectory æweb åºç¨ç¨åºé¨ç½²å°ç®å½ [C:\code\src\tomcat8\catalina_home\webapps\examples]
26-Nov-2019 15:24:10.765 信息 [localhost-startStop-1] org.apache.jasper.servlet.TldScanner.scanJars è³å°æä¸ä¸ªJARè¢«æ«æç¨äºTLDä½å°æªåå«TLDã ä¸ºæ­¤è®°å½å¨å¯ç¨è°è¯æ¥å¿è®°å½ï¼ä»¥è·åå·²æ«æä½æªå¨å¶ä¸­æ¾å°TLDçå®æ´JARåè¡¨ã å¨æ«ææé´è·³è¿ä¸éè¦çJARå¯ä»¥ç¼©ç­å¯å¨æ¶é´åJSPç¼è¯æ¶é´ã
26-Nov-2019 15:24:10.797 严重 [localhost-startStop-1] org.apache.catalina.core.StandardContext.startInternal One or more listeners failed to start. Full details will be found in the appropriate container log file
26-Nov-2019 15:24:10.799 严重 [localhost-startStop-1] org.apache.catalina.core.StandardContext.startInternal Context [/examples] startup failed due to previous errors
26-Nov-2019 15:24:10.809 信息 [localhost-startStop-1] org.apache.catalina.startup.HostConfig.deployDirectory Deployment of web application directory [C:\code\src\tomcat8\catalina_home\webapps\examples] has finished in [350] ms
26-Nov-2019 15:24:10.810 信息 [localhost-startStop-1] org.apache.catalina.startup.HostConfig.deployDirectory æweb åºç¨ç¨åºé¨ç½²å°ç®å½ [C:\code\src\tomcat8\catalina_home\webapps\host-manager]
26-Nov-2019 15:24:10.965 信息 [localhost-startStop-1] org.apache.jasper.servlet.TldScanner.scanJars è³å°æä¸ä¸ªJARè¢«æ«æç¨äºTLDä½å°æªåå«TLDã ä¸ºæ­¤è®°å½å¨å¯ç¨è°è¯æ¥å¿è®°å½ï¼ä»¥è·åå·²æ«æä½æªå¨å¶ä¸­æ¾å°TLDçå®æ´JARåè¡¨ã å¨æ«ææé´è·³è¿ä¸éè¦çJARå¯ä»¥ç¼©ç­å¯å¨æ¶é´åJSPç¼è¯æ¶é´ã
26-Nov-2019 15:24:11.105 信息 [localhost-startStop-1] org.apache.catalina.startup.HostConfig.deployDirectory Deployment of web application directory [C:\code\src\tomcat8\catalina_home\webapps\host-manager] has finished in [295] ms
26-Nov-2019 15:24:11.106 信息 [localhost-startStop-1] org.apache.catalina.startup.HostConfig.deployDirectory æweb åºç¨ç¨åºé¨ç½²å°ç®å½ [C:\code\src\tomcat8\catalina_home\webapps\manager]
26-Nov-2019 15:24:11.303 信息 [localhost-startStop-1] org.apache.jasper.servlet.TldScanner.scanJars è³å°æä¸ä¸ªJARè¢«æ«æç¨äºTLDä½å°æªåå«TLDã ä¸ºæ­¤è®°å½å¨å¯ç¨è°è¯æ¥å¿è®°å½ï¼ä»¥è·åå·²æ«æä½æªå¨å¶ä¸­æ¾å°TLDçå®æ´JARåè¡¨ã å¨æ«ææé´è·³è¿ä¸éè¦çJARå¯ä»¥ç¼©ç­å¯å¨æ¶é´åJSPç¼è¯æ¶é´ã
26-Nov-2019 15:24:11.308 信息 [localhost-startStop-1] org.apache.catalina.startup.HostConfig.deployDirectory Deployment of web application directory [C:\code\src\tomcat8\catalina_home\webapps\manager] has finished in [201] ms
26-Nov-2019 15:24:11.308 信息 [localhost-startStop-1] org.apache.catalina.startup.HostConfig.deployDirectory æweb åºç¨ç¨åºé¨ç½²å°ç®å½ [C:\code\src\tomcat8\catalina_home\webapps\ROOT]
26-Nov-2019 15:24:11.498 信息 [localhost-startStop-1] org.apache.jasper.servlet.TldScanner.scanJars è³å°æä¸ä¸ªJARè¢«æ«æç¨äºTLDä½å°æªåå«TLDã ä¸ºæ­¤è®°å½å¨å¯ç¨è°è¯æ¥å¿è®°å½ï¼ä»¥è·åå·²æ«æä½æªå¨å¶ä¸­æ¾å°TLDçå®æ´JARåè¡¨ã å¨æ«ææé´è·³è¿ä¸éè¦çJARå¯ä»¥ç¼©ç­å¯å¨æ¶é´åJSPç¼è¯æ¶é´ã
26-Nov-2019 15:24:11.500 信息 [localhost-startStop-1] org.apache.catalina.startup.HostConfig.deployDirectory Deployment of web application directory [C:\code\src\tomcat8\catalina_home\webapps\ROOT] has finished in [192] ms
26-Nov-2019 15:24:11.507 信息 [main] org.apache.coyote.AbstractProtocol.start å¼å§åè®®å¤çå¥æ["http-nio-8080"]
26-Nov-2019 15:24:11.532 信息 [main] org.apache.coyote.AbstractProtocol.start å¼å§åè®®å¤çå¥æ["ajp-nio-8009"]
26-Nov-2019 15:24:11.537 信息 [main] org.apache.catalina.startup.Catalina.start Server startup in 1791 ms
26-Nov-2019 15:30:21.013 信息 [Thread-5] org.apache.coyote.AbstractProtocol.pause Pausing ProtocolHandler ["http-nio-8080"]
